{
  "stats": {
    "suites": 1,
    "tests": 1,
    "passes": 0,
    "pending": 0,
    "failures": 1,
    "start": "2023-10-22T13:38:39.846Z",
    "end": "2023-10-22T13:38:41.856Z",
    "duration": 2010,
    "testsRegistered": 1,
    "passPercent": 0,
    "pendingPercent": 0,
    "other": 0,
    "hasOther": false,
    "skipped": 0,
    "hasSkipped": false
  },
  "results": [
    {
      "uuid": "56566816-fcd0-4629-9f5a-c1d7d01643d2",
      "title": "",
      "fullFile": "/Users/nilawilda/Documents/Belajar QA/api_automation_js/test/api/postPetstore.js",
      "file": "/test/api/postPetstore.js",
      "beforeHooks": [],
      "afterHooks": [],
      "tests": [],
      "suites": [
        {
          "uuid": "4ba962f3-05db-47c9-985b-91ae4407b044",
          "title": "Post Request Petstore",
          "fullFile": "/Users/nilawilda/Documents/Belajar QA/api_automation_js/test/api/postPetstore.js",
          "file": "/test/api/postPetstore.js",
          "beforeHooks": [],
          "afterHooks": [],
          "tests": [
            {
              "title": "Success create user",
              "fullTitle": "Post Request Petstore Success create user",
              "timedOut": true,
              "duration": 2003,
              "state": "failed",
              "speed": null,
              "pass": false,
              "fail": true,
              "pending": false,
              "context": null,
              "code": "const response = request(baseUrl())\n  .post(\"/user\")\n  .send(DATA.CREATE_USER_DATA);\nconst data = expect((await response).status).to.equal(200);\nconsole.log(data);\nconsole.log((await response).body);",
              "err": {
                "message": "Error: Timeout of 2000ms exceeded. For async tests and hooks, ensure \"done()\" is called; if returning a Promise, ensure it resolves. (/Users/nilawilda/Documents/Belajar QA/api_automation_js/test/api/postPetstore.js)",
                "estack": "Error: Timeout of 2000ms exceeded. For async tests and hooks, ensure \"done()\" is called; if returning a Promise, ensure it resolves. (/Users/nilawilda/Documents/Belajar QA/api_automation_js/test/api/postPetstore.js)\n    at listOnTimeout (internal/timers.js:554:17)\n    at processTimers (internal/timers.js:497:7)",
                "diff": null
              },
              "uuid": "4fa21e96-9551-4564-ac30-31a3184b0965",
              "parentUUID": "4ba962f3-05db-47c9-985b-91ae4407b044",
              "isHook": false,
              "skipped": false
            }
          ],
          "suites": [],
          "passes": [],
          "failures": [
            "4fa21e96-9551-4564-ac30-31a3184b0965"
          ],
          "pending": [],
          "skipped": [],
          "duration": 2003,
          "root": false,
          "rootEmpty": false,
          "_timeout": 2000
        }
      ],
      "passes": [],
      "failures": [],
      "pending": [],
      "skipped": [],
      "duration": 0,
      "root": true,
      "rootEmpty": true,
      "_timeout": 2000
    }
  ],
  "meta": {
    "mocha": {
      "version": "10.2.0"
    },
    "mochawesome": {
      "options": {
        "quiet": false,
        "reportFilename": "mochawesome",
        "saveHtml": true,
        "saveJson": true,
        "consoleReporter": "spec",
        "useInlineDiffs": false,
        "code": true
      },
      "version": "7.1.3"
    },
    "marge": {
      "options": null,
      "version": "6.2.0"
    }
  }
}